  [1m[35m (748.1ms)[0m  [1m[35mCREATE DATABASE "matrix_api_development" ENCODING = 'unicode'[0m
  ↳ config/boot.rb:4:in `load'
  [1m[35m (564.0ms)[0m  [1m[35mCREATE DATABASE "matrix_api_test" ENCODING = 'unicode'[0m
  ↳ config/boot.rb:4:in `load'
  [1m[35m (37.0ms)[0m  [1m[35mCREATE TABLE "schema_migrations" ("version" character varying NOT NULL PRIMARY KEY)[0m
  ↳ config/boot.rb:4:in `load'
  [1m[35m (12.1ms)[0m  [1m[35mCREATE TABLE "ar_internal_metadata" ("key" character varying NOT NULL PRIMARY KEY, "value" character varying, "created_at" timestamp(6) NOT NULL, "updated_at" timestamp(6) NOT NULL)[0m
  ↳ config/boot.rb:4:in `load'
  [1m[35m (0.5ms)[0m  [1m[34mSELECT pg_try_advisory_lock(7139173390688850840)[0m
  ↳ config/boot.rb:4:in `load'
  [1m[35m (2.1ms)[0m  [1m[34mSELECT "schema_migrations"."version" FROM "schema_migrations" ORDER BY "schema_migrations"."version" ASC[0m
  ↳ config/boot.rb:4:in `load'
Migrating to CreateCharacter (20201126071459)
  [1m[36mTRANSACTION (0.5ms)[0m  [1m[35mBEGIN[0m
  ↳ config/boot.rb:4:in `load'
  [1m[35m (16.3ms)[0m  [1m[35mCREATE TABLE "characters" ("id" bigserial primary key, "name" character varying, "desciption" character varying, "img_url" character varying, "created_at" timestamp(6) NOT NULL, "updated_at" timestamp(6) NOT NULL)[0m
  ↳ config/boot.rb:4:in `load'
  [1m[36mActiveRecord::SchemaMigration Create (1.1ms)[0m  [1m[32mINSERT INTO "schema_migrations" ("version") VALUES ($1) RETURNING "version"[0m  [["version", "20201126071459"]]
  ↳ config/boot.rb:4:in `load'
  [1m[36mTRANSACTION (0.7ms)[0m  [1m[35mCOMMIT[0m
  ↳ config/boot.rb:4:in `load'
  [1m[36mActiveRecord::InternalMetadata Load (1.1ms)[0m  [1m[34mSELECT "ar_internal_metadata".* FROM "ar_internal_metadata" WHERE "ar_internal_metadata"."key" = $1 LIMIT $2[0m  [["key", "environment"], ["LIMIT", 1]]
  ↳ config/boot.rb:4:in `load'
  [1m[36mTRANSACTION (0.3ms)[0m  [1m[35mBEGIN[0m
  ↳ config/boot.rb:4:in `load'
  [1m[36mActiveRecord::InternalMetadata Create (2.3ms)[0m  [1m[32mINSERT INTO "ar_internal_metadata" ("key", "value", "created_at", "updated_at") VALUES ($1, $2, $3, $4) RETURNING "key"[0m  [["key", "environment"], ["value", "development"], ["created_at", "2020-11-26 07:16:38.294850"], ["updated_at", "2020-11-26 07:16:38.294850"]]
  ↳ config/boot.rb:4:in `load'
  [1m[36mTRANSACTION (0.7ms)[0m  [1m[35mCOMMIT[0m
  ↳ config/boot.rb:4:in `load'
  [1m[35m (0.5ms)[0m  [1m[34mSELECT pg_advisory_unlock(7139173390688850840)[0m
  ↳ config/boot.rb:4:in `load'
  [1m[35m (2.5ms)[0m  [1m[34mSELECT "schema_migrations"."version" FROM "schema_migrations" ORDER BY "schema_migrations"."version" ASC[0m
  ↳ config/boot.rb:4:in `load'
  [1m[35m (0.5ms)[0m  [1m[34mSELECT pg_try_advisory_lock(7139173390688850840)[0m
  ↳ config/boot.rb:4:in `load'
  [1m[35m (1.3ms)[0m  [1m[34mSELECT "schema_migrations"."version" FROM "schema_migrations" ORDER BY "schema_migrations"."version" ASC[0m
  ↳ config/boot.rb:4:in `load'
Migrating to FixDescriptionColumnTypo (20201126071656)
  [1m[36mTRANSACTION (0.6ms)[0m  [1m[35mBEGIN[0m
  ↳ config/boot.rb:4:in `load'
  [1m[35m (0.8ms)[0m  [1m[35mALTER TABLE "characters" RENAME COLUMN "desciption" TO "description"[0m
  ↳ config/boot.rb:4:in `load'
  [1m[36mActiveRecord::SchemaMigration Create (0.9ms)[0m  [1m[32mINSERT INTO "schema_migrations" ("version") VALUES ($1) RETURNING "version"[0m  [["version", "20201126071656"]]
  ↳ config/boot.rb:4:in `load'
  [1m[36mTRANSACTION (0.8ms)[0m  [1m[35mCOMMIT[0m
  ↳ config/boot.rb:4:in `load'
  [1m[36mActiveRecord::InternalMetadata Load (0.9ms)[0m  [1m[34mSELECT "ar_internal_metadata".* FROM "ar_internal_metadata" WHERE "ar_internal_metadata"."key" = $1 LIMIT $2[0m  [["key", "environment"], ["LIMIT", 1]]
  ↳ config/boot.rb:4:in `load'
  [1m[35m (0.5ms)[0m  [1m[34mSELECT pg_advisory_unlock(7139173390688850840)[0m
  ↳ config/boot.rb:4:in `load'
  [1m[35m (1.3ms)[0m  [1m[34mSELECT "schema_migrations"."version" FROM "schema_migrations" ORDER BY "schema_migrations"."version" ASC[0m
  ↳ config/boot.rb:4:in `load'
  [1m[35m (0.5ms)[0m  [1m[34mSELECT pg_try_advisory_lock(7139173390688850840)[0m
  ↳ config/boot.rb:4:in `load'
  [1m[35m (1.4ms)[0m  [1m[34mSELECT "schema_migrations"."version" FROM "schema_migrations" ORDER BY "schema_migrations"."version" ASC[0m
  ↳ config/boot.rb:4:in `load'
Migrating to ChangeTableName (20201126071901)
  [1m[36mTRANSACTION (0.5ms)[0m  [1m[35mBEGIN[0m
  ↳ config/boot.rb:4:in `load'
  [1m[35m (1.1ms)[0m  [1m[35mALTER TABLE "characters" RENAME TO "matrix_characters"[0m
  ↳ config/boot.rb:4:in `load'
  [1m[35m (0.7ms)[0m  [1m[35mALTER INDEX "characters_pkey" RENAME TO "matrix_characters_pkey"[0m
  ↳ config/boot.rb:4:in `load'
  [1m[35m (0.9ms)[0m  [1m[35mALTER TABLE "public"."characters_id_seq" RENAME TO "matrix_characters_id_seq"[0m
  ↳ config/boot.rb:4:in `load'
  [1m[36mActiveRecord::SchemaMigration Create (1.7ms)[0m  [1m[32mINSERT INTO "schema_migrations" ("version") VALUES ($1) RETURNING "version"[0m  [["version", "20201126071901"]]
  ↳ config/boot.rb:4:in `load'
  [1m[36mTRANSACTION (1.2ms)[0m  [1m[35mCOMMIT[0m
  ↳ config/boot.rb:4:in `load'
  [1m[36mActiveRecord::InternalMetadata Load (0.8ms)[0m  [1m[34mSELECT "ar_internal_metadata".* FROM "ar_internal_metadata" WHERE "ar_internal_metadata"."key" = $1 LIMIT $2[0m  [["key", "environment"], ["LIMIT", 1]]
  ↳ config/boot.rb:4:in `load'
  [1m[35m (0.6ms)[0m  [1m[34mSELECT pg_advisory_unlock(7139173390688850840)[0m
  ↳ config/boot.rb:4:in `load'
  [1m[35m (1.3ms)[0m  [1m[34mSELECT "schema_migrations"."version" FROM "schema_migrations" ORDER BY "schema_migrations"."version" ASC[0m
  ↳ config/boot.rb:4:in `load'
  [1m[35m (1.5ms)[0m  [1m[34mSELECT "schema_migrations"."version" FROM "schema_migrations" ORDER BY "schema_migrations"."version" ASC[0m
  ↳ config/boot.rb:4:in `load'
  [1m[35m (0.5ms)[0m  [1m[34mSELECT "schema_migrations"."version" FROM "schema_migrations" ORDER BY "schema_migrations"."version" ASC[0m
  ↳ config/boot.rb:4:in `load'
  [1m[35m (0.5ms)[0m  [1m[34mSELECT "schema_migrations"."version" FROM "schema_migrations" ORDER BY "schema_migrations"."version" ASC[0m
  ↳ config/boot.rb:4:in `load'
  [1m[35m (0.5ms)[0m  [1m[34mSELECT pg_try_advisory_lock(7139173390688850840)[0m
  ↳ config/boot.rb:4:in `load'
  [1m[35m (0.5ms)[0m  [1m[34mSELECT "schema_migrations"."version" FROM "schema_migrations" ORDER BY "schema_migrations"."version" ASC[0m
  ↳ config/boot.rb:4:in `load'
Migrating to ChangeTableName (20201126071901)
  [1m[36mTRANSACTION (0.4ms)[0m  [1m[35mBEGIN[0m
  ↳ config/boot.rb:4:in `load'
  [1m[35m (1.0ms)[0m  [1m[35mALTER TABLE "matrix_characters" RENAME TO "characters"[0m
  ↳ config/boot.rb:4:in `load'
  [1m[35m (0.7ms)[0m  [1m[35mALTER INDEX "matrix_characters_pkey" RENAME TO "characters_pkey"[0m
  ↳ config/boot.rb:4:in `load'
  [1m[35m (0.6ms)[0m  [1m[35mALTER TABLE "public"."matrix_characters_id_seq" RENAME TO "characters_id_seq"[0m
  ↳ config/boot.rb:4:in `load'
  [1m[36mActiveRecord::SchemaMigration Destroy (1.0ms)[0m  [1m[31mDELETE FROM "schema_migrations" WHERE "schema_migrations"."version" = $1[0m  [["version", "20201126071901"]]
  ↳ config/boot.rb:4:in `load'
  [1m[36mTRANSACTION (0.9ms)[0m  [1m[35mCOMMIT[0m
  ↳ config/boot.rb:4:in `load'
  [1m[35m (0.6ms)[0m  [1m[34mSELECT pg_advisory_unlock(7139173390688850840)[0m
  ↳ config/boot.rb:4:in `load'
  [1m[35m (1.3ms)[0m  [1m[34mSELECT "schema_migrations"."version" FROM "schema_migrations" ORDER BY "schema_migrations"."version" ASC[0m
  ↳ config/boot.rb:4:in `load'
  [1m[35m (2.0ms)[0m  [1m[34mSELECT "schema_migrations"."version" FROM "schema_migrations" ORDER BY "schema_migrations"."version" ASC[0m
  ↳ config/boot.rb:4:in `load'
  [1m[35m (2.0ms)[0m  [1m[34mSELECT "schema_migrations"."version" FROM "schema_migrations" ORDER BY "schema_migrations"."version" ASC[0m
  ↳ config/boot.rb:4:in `load'
  [1m[36mTRANSACTION (0.3ms)[0m  [1m[35mBEGIN[0m
  ↳ config/boot.rb:4:in `load'
  [1m[36mCharacter Create (10.4ms)[0m  [1m[32mINSERT INTO "characters" ("name", "description", "created_at", "updated_at") VALUES ($1, $2, $3, $4) RETURNING "id"[0m  [["name", "Neo"], ["description", "f"], ["created_at", "2020-11-26 07:23:04.436571"], ["updated_at", "2020-11-26 07:23:04.436571"]]
  ↳ config/boot.rb:4:in `load'
  [1m[36mTRANSACTION (2.3ms)[0m  [1m[35mCOMMIT[0m
  ↳ config/boot.rb:4:in `load'
  [1m[36mTRANSACTION (0.2ms)[0m  [1m[35mBEGIN[0m
  ↳ config/boot.rb:4:in `load'
  [1m[36mCharacter Create (0.5ms)[0m  [1m[32mINSERT INTO "characters" ("name", "description", "created_at", "updated_at") VALUES ($1, $2, $3, $4) RETURNING "id"[0m  [["name", "Trinity"], ["description", "f"], ["created_at", "2020-11-26 07:23:04.455023"], ["updated_at", "2020-11-26 07:23:04.455023"]]
  ↳ config/boot.rb:4:in `load'
  [1m[36mTRANSACTION (7.6ms)[0m  [1m[35mCOMMIT[0m
  ↳ config/boot.rb:4:in `load'
  [1m[36mTRANSACTION (0.3ms)[0m  [1m[35mBEGIN[0m
  ↳ config/boot.rb:4:in `load'
  [1m[36mCharacter Create (0.5ms)[0m  [1m[32mINSERT INTO "characters" ("name", "description", "created_at", "updated_at") VALUES ($1, $2, $3, $4) RETURNING "id"[0m  [["name", "Morpheus"], ["description", "f"], ["created_at", "2020-11-26 07:23:04.467705"], ["updated_at", "2020-11-26 07:23:04.467705"]]
  ↳ config/boot.rb:4:in `load'
  [1m[36mTRANSACTION (4.9ms)[0m  [1m[35mCOMMIT[0m
  ↳ config/boot.rb:4:in `load'
  [1m[36mTRANSACTION (0.3ms)[0m  [1m[35mBEGIN[0m
  ↳ config/boot.rb:4:in `load'
  [1m[36mCharacter Create (0.5ms)[0m  [1m[32mINSERT INTO "characters" ("name", "description", "created_at", "updated_at") VALUES ($1, $2, $3, $4) RETURNING "id"[0m  [["name", "Agent Smith"], ["description", "f"], ["created_at", "2020-11-26 07:23:04.478333"], ["updated_at", "2020-11-26 07:23:04.478333"]]
  ↳ config/boot.rb:4:in `load'
  [1m[36mTRANSACTION (18.8ms)[0m  [1m[35mCOMMIT[0m
  ↳ config/boot.rb:4:in `load'
  [1m[35m (1.3ms)[0m  [1m[34mSELECT "schema_migrations"."version" FROM "schema_migrations" ORDER BY "schema_migrations"."version" ASC[0m
  ↳ config/boot.rb:4:in `load'
  [1m[35m (1.0ms)[0m  [1m[34mSELECT "ar_internal_metadata"."value" FROM "ar_internal_metadata" WHERE "ar_internal_metadata"."key" = $1[0m  [["key", "environment"]]
  ↳ config/boot.rb:4:in `load'
  [1m[35m (0.6ms)[0m  [1m[34mSELECT "schema_migrations"."version" FROM "schema_migrations" ORDER BY "schema_migrations"."version" ASC[0m
  ↳ config/boot.rb:4:in `load'
  [1m[35m (0.6ms)[0m  [1m[34mSELECT "ar_internal_metadata"."value" FROM "ar_internal_metadata" WHERE "ar_internal_metadata"."key" = $1[0m  [["key", "environment"]]
  ↳ config/boot.rb:4:in `load'
  [1m[35m (0.6ms)[0m  [1m[34mSELECT "schema_migrations"."version" FROM "schema_migrations" ORDER BY "schema_migrations"."version" ASC[0m
  ↳ config/boot.rb:4:in `load'
  [1m[35m (0.5ms)[0m  [1m[34mSELECT "ar_internal_metadata"."value" FROM "ar_internal_metadata" WHERE "ar_internal_metadata"."key" = $1[0m  [["key", "environment"]]
  ↳ config/boot.rb:4:in `load'
  [1m[35m (150.0ms)[0m  [1m[35mDROP DATABASE IF EXISTS "matrix_api_development"[0m
  ↳ config/boot.rb:4:in `load'
  [1m[35m (159.8ms)[0m  [1m[35mDROP DATABASE IF EXISTS "matrix_api_test"[0m
  ↳ config/boot.rb:4:in `load'
  [1m[35m (653.6ms)[0m  [1m[35mCREATE DATABASE "matrix_api_development" ENCODING = 'unicode'[0m
  ↳ config/boot.rb:4:in `load'
  [1m[35m (413.1ms)[0m  [1m[35mCREATE DATABASE "matrix_api_test" ENCODING = 'unicode'[0m
  ↳ config/boot.rb:4:in `load'
  [1m[35mSQL (3.1ms)[0m  [1m[35mCREATE EXTENSION IF NOT EXISTS "plpgsql"[0m
  ↳ config/boot.rb:4:in `load'
  [1m[35m (0.5ms)[0m  [1m[35mDROP TABLE IF EXISTS "characters" CASCADE[0m
  ↳ config/boot.rb:4:in `load'
  [1m[35m (107.8ms)[0m  [1m[35mCREATE TABLE "characters" ("id" bigserial primary key, "name" character varying, "description" character varying, "img_url" character varying, "created_at" timestamp(6) NOT NULL, "updated_at" timestamp(6) NOT NULL)[0m
  ↳ config/boot.rb:4:in `load'
  [1m[35m (8.2ms)[0m  [1m[35mCREATE TABLE "schema_migrations" ("version" character varying NOT NULL PRIMARY KEY)[0m
  ↳ config/boot.rb:4:in `load'
  [1m[35m (1.8ms)[0m  [1m[34mSELECT "schema_migrations"."version" FROM "schema_migrations" ORDER BY "schema_migrations"."version" ASC[0m
  ↳ config/boot.rb:4:in `load'
  [1m[35m (1.5ms)[0m  [1m[32mINSERT INTO "schema_migrations" (version) VALUES (20201126071656)[0m
  ↳ config/boot.rb:4:in `load'
  [1m[35m (0.9ms)[0m  [1m[32mINSERT INTO "schema_migrations" (version) VALUES
(20201126071459);

[0m
  ↳ config/boot.rb:4:in `load'
  [1m[35m (7.7ms)[0m  [1m[35mCREATE TABLE "ar_internal_metadata" ("key" character varying NOT NULL PRIMARY KEY, "value" character varying, "created_at" timestamp(6) NOT NULL, "updated_at" timestamp(6) NOT NULL)[0m
  ↳ config/boot.rb:4:in `load'
  [1m[36mActiveRecord::InternalMetadata Load (0.9ms)[0m  [1m[34mSELECT "ar_internal_metadata".* FROM "ar_internal_metadata" WHERE "ar_internal_metadata"."key" = $1 LIMIT $2[0m  [["key", "environment"], ["LIMIT", 1]]
  ↳ config/boot.rb:4:in `load'
  [1m[36mTRANSACTION (0.4ms)[0m  [1m[35mBEGIN[0m
  ↳ config/boot.rb:4:in `load'
  [1m[36mActiveRecord::InternalMetadata Create (1.6ms)[0m  [1m[32mINSERT INTO "ar_internal_metadata" ("key", "value", "created_at", "updated_at") VALUES ($1, $2, $3, $4) RETURNING "key"[0m  [["key", "environment"], ["value", "development"], ["created_at", "2020-11-26 07:24:49.979415"], ["updated_at", "2020-11-26 07:24:49.979415"]]
  ↳ config/boot.rb:4:in `load'
  [1m[36mTRANSACTION (0.6ms)[0m  [1m[35mCOMMIT[0m
  ↳ config/boot.rb:4:in `load'
  [1m[36mActiveRecord::InternalMetadata Load (0.8ms)[0m  [1m[34mSELECT "ar_internal_metadata".* FROM "ar_internal_metadata" WHERE "ar_internal_metadata"."key" = $1 LIMIT $2[0m  [["key", "environment"], ["LIMIT", 1]]
  ↳ config/boot.rb:4:in `load'
  [1m[36mActiveRecord::InternalMetadata Load (0.6ms)[0m  [1m[34mSELECT "ar_internal_metadata".* FROM "ar_internal_metadata" WHERE "ar_internal_metadata"."key" = $1 LIMIT $2[0m  [["key", "schema_sha1"], ["LIMIT", 1]]
  ↳ config/boot.rb:4:in `load'
  [1m[36mTRANSACTION (0.3ms)[0m  [1m[35mBEGIN[0m
  ↳ config/boot.rb:4:in `load'
  [1m[36mActiveRecord::InternalMetadata Create (0.8ms)[0m  [1m[32mINSERT INTO "ar_internal_metadata" ("key", "value", "created_at", "updated_at") VALUES ($1, $2, $3, $4) RETURNING "key"[0m  [["key", "schema_sha1"], ["value", "e757faf7e3918777cccd053d1f757128b22ec985"], ["created_at", "2020-11-26 07:24:49.998092"], ["updated_at", "2020-11-26 07:24:49.998092"]]
  ↳ config/boot.rb:4:in `load'
  [1m[36mTRANSACTION (0.7ms)[0m  [1m[35mCOMMIT[0m
  ↳ config/boot.rb:4:in `load'
  [1m[35mSQL (0.9ms)[0m  [1m[35mCREATE EXTENSION IF NOT EXISTS "plpgsql"[0m
  ↳ config/boot.rb:4:in `load'
  [1m[35m (0.5ms)[0m  [1m[35mDROP TABLE IF EXISTS "characters" CASCADE[0m
  ↳ config/boot.rb:4:in `load'
  [1m[35m (23.2ms)[0m  [1m[35mCREATE TABLE "characters" ("id" bigserial primary key, "name" character varying, "description" character varying, "img_url" character varying, "created_at" timestamp(6) NOT NULL, "updated_at" timestamp(6) NOT NULL)[0m
  ↳ config/boot.rb:4:in `load'
  [1m[35m (9.7ms)[0m  [1m[35mCREATE TABLE "schema_migrations" ("version" character varying NOT NULL PRIMARY KEY)[0m
  ↳ config/boot.rb:4:in `load'
  [1m[35m (1.7ms)[0m  [1m[34mSELECT "schema_migrations"."version" FROM "schema_migrations" ORDER BY "schema_migrations"."version" ASC[0m
  ↳ config/boot.rb:4:in `load'
  [1m[35m (1.8ms)[0m  [1m[32mINSERT INTO "schema_migrations" (version) VALUES (20201126071656)[0m
  ↳ config/boot.rb:4:in `load'
  [1m[35m (0.9ms)[0m  [1m[32mINSERT INTO "schema_migrations" (version) VALUES
(20201126071459);

[0m
  ↳ config/boot.rb:4:in `load'
  [1m[35m (16.7ms)[0m  [1m[35mCREATE TABLE "ar_internal_metadata" ("key" character varying NOT NULL PRIMARY KEY, "value" character varying, "created_at" timestamp(6) NOT NULL, "updated_at" timestamp(6) NOT NULL)[0m
  ↳ config/boot.rb:4:in `load'
  [1m[36mActiveRecord::InternalMetadata Load (1.1ms)[0m  [1m[34mSELECT "ar_internal_metadata".* FROM "ar_internal_metadata" WHERE "ar_internal_metadata"."key" = $1 LIMIT $2[0m  [["key", "environment"], ["LIMIT", 1]]
  ↳ config/boot.rb:4:in `load'
  [1m[36mTRANSACTION (0.4ms)[0m  [1m[35mBEGIN[0m
  ↳ config/boot.rb:4:in `load'
  [1m[36mActiveRecord::InternalMetadata Create (1.3ms)[0m  [1m[32mINSERT INTO "ar_internal_metadata" ("key", "value", "created_at", "updated_at") VALUES ($1, $2, $3, $4) RETURNING "key"[0m  [["key", "environment"], ["value", "development"], ["created_at", "2020-11-26 07:24:50.143855"], ["updated_at", "2020-11-26 07:24:50.143855"]]
  ↳ config/boot.rb:4:in `load'
  [1m[36mTRANSACTION (0.7ms)[0m  [1m[35mCOMMIT[0m
  ↳ config/boot.rb:4:in `load'
  [1m[36mActiveRecord::InternalMetadata Load (0.8ms)[0m  [1m[34mSELECT "ar_internal_metadata".* FROM "ar_internal_metadata" WHERE "ar_internal_metadata"."key" = $1 LIMIT $2[0m  [["key", "environment"], ["LIMIT", 1]]
  ↳ config/boot.rb:4:in `load'
  [1m[36mTRANSACTION (0.4ms)[0m  [1m[35mBEGIN[0m
  ↳ config/boot.rb:4:in `load'
  [1m[36mActiveRecord::InternalMetadata Update (1.2ms)[0m  [1m[33mUPDATE "ar_internal_metadata" SET "value" = $1, "updated_at" = $2 WHERE "ar_internal_metadata"."key" = $3[0m  [["value", "test"], ["updated_at", "2020-11-26 07:24:50.158026"], ["key", "environment"]]
  ↳ config/boot.rb:4:in `load'
  [1m[36mTRANSACTION (0.6ms)[0m  [1m[35mCOMMIT[0m
  ↳ config/boot.rb:4:in `load'
  [1m[36mActiveRecord::InternalMetadata Load (0.7ms)[0m  [1m[34mSELECT "ar_internal_metadata".* FROM "ar_internal_metadata" WHERE "ar_internal_metadata"."key" = $1 LIMIT $2[0m  [["key", "schema_sha1"], ["LIMIT", 1]]
  ↳ config/boot.rb:4:in `load'
  [1m[36mTRANSACTION (0.4ms)[0m  [1m[35mBEGIN[0m
  ↳ config/boot.rb:4:in `load'
  [1m[36mActiveRecord::InternalMetadata Create (0.7ms)[0m  [1m[32mINSERT INTO "ar_internal_metadata" ("key", "value", "created_at", "updated_at") VALUES ($1, $2, $3, $4) RETURNING "key"[0m  [["key", "schema_sha1"], ["value", "e757faf7e3918777cccd053d1f757128b22ec985"], ["created_at", "2020-11-26 07:24:50.170334"], ["updated_at", "2020-11-26 07:24:50.170334"]]
  ↳ config/boot.rb:4:in `load'
  [1m[36mTRANSACTION (0.7ms)[0m  [1m[35mCOMMIT[0m
  ↳ config/boot.rb:4:in `load'
  [1m[35m (1.9ms)[0m  [1m[34mSELECT "schema_migrations"."version" FROM "schema_migrations" ORDER BY "schema_migrations"."version" ASC[0m
  ↳ config/boot.rb:4:in `load'
  [1m[36mTRANSACTION (0.4ms)[0m  [1m[35mBEGIN[0m
  ↳ config/boot.rb:4:in `load'
  [1m[36mCharacter Create (2.0ms)[0m  [1m[32mINSERT INTO "characters" ("name", "description", "created_at", "updated_at") VALUES ($1, $2, $3, $4) RETURNING "id"[0m  [["name", "Neo"], ["description", "leader"], ["created_at", "2020-11-26 07:24:50.283380"], ["updated_at", "2020-11-26 07:24:50.283380"]]
  ↳ config/boot.rb:4:in `load'
  [1m[36mTRANSACTION (0.8ms)[0m  [1m[35mCOMMIT[0m
  ↳ config/boot.rb:4:in `load'
  [1m[36mTRANSACTION (0.4ms)[0m  [1m[35mBEGIN[0m
  ↳ config/boot.rb:4:in `load'
  [1m[36mCharacter Create (0.8ms)[0m  [1m[32mINSERT INTO "characters" ("name", "description", "created_at", "updated_at") VALUES ($1, $2, $3, $4) RETURNING "id"[0m  [["name", "Trinity"], ["description", "co-lead of team"], ["created_at", "2020-11-26 07:24:50.293491"], ["updated_at", "2020-11-26 07:24:50.293491"]]
  ↳ config/boot.rb:4:in `load'
  [1m[36mTRANSACTION (0.7ms)[0m  [1m[35mCOMMIT[0m
  ↳ config/boot.rb:4:in `load'
  [1m[36mTRANSACTION (0.4ms)[0m  [1m[35mBEGIN[0m
  ↳ config/boot.rb:4:in `load'
  [1m[36mCharacter Create (0.8ms)[0m  [1m[32mINSERT INTO "characters" ("name", "description", "created_at", "updated_at") VALUES ($1, $2, $3, $4) RETURNING "id"[0m  [["name", "Morpheus"], ["description", "mentor"], ["created_at", "2020-11-26 07:24:50.302264"], ["updated_at", "2020-11-26 07:24:50.302264"]]
  ↳ config/boot.rb:4:in `load'
  [1m[36mTRANSACTION (0.7ms)[0m  [1m[35mCOMMIT[0m
  ↳ config/boot.rb:4:in `load'
  [1m[36mTRANSACTION (0.3ms)[0m  [1m[35mBEGIN[0m
  ↳ config/boot.rb:4:in `load'
  [1m[36mCharacter Create (0.8ms)[0m  [1m[32mINSERT INTO "characters" ("name", "description", "created_at", "updated_at") VALUES ($1, $2, $3, $4) RETURNING "id"[0m  [["name", "Agent Smith"], ["description", "bad guy"], ["created_at", "2020-11-26 07:24:50.310938"], ["updated_at", "2020-11-26 07:24:50.310938"]]
  ↳ config/boot.rb:4:in `load'
  [1m[36mTRANSACTION (0.7ms)[0m  [1m[35mCOMMIT[0m
  ↳ config/boot.rb:4:in `load'
  [1m[36mCharacter Load (0.8ms)[0m  [1m[34mSELECT "characters".* FROM "characters" /* loading for inspect */ LIMIT $1[0m  [["LIMIT", 11]]
  [1m[36mCharacter Load (0.9ms)[0m  [1m[34mSELECT "characters".* FROM "characters" /* loading for inspect */ LIMIT $1[0m  [["LIMIT", 11]]
  [1m[36mCharacter Load (1.4ms)[0m  [1m[34mSELECT "characters".* FROM "characters" WHERE "characters"."name" = $1 LIMIT $2[0m  [["name", "Neo"], ["LIMIT", 1]]
  [1m[36mCharacter Load (1.2ms)[0m  [1m[34mSELECT "characters".* FROM "characters" WHERE "characters"."name" = $1 LIMIT $2[0m  [["name", "Neo"], ["LIMIT", 1]]
  [1m[36mCharacter Load (1.1ms)[0m  [1m[34mSELECT "characters".* FROM "characters"[0m
  [1m[36mTRANSACTION (0.4ms)[0m  [1m[35mBEGIN[0m
  [1m[36mCharacter Update (3.0ms)[0m  [1m[33mUPDATE "characters" SET "img_url" = $1, "updated_at" = $2 WHERE "characters"."id" = $3[0m  [["img_url", "https://upload.wikimedia.org/wikipedia/en/thumb/c/c6/NeoTheMatrix.jpg/220px-NeoTheMatrix.jpg"], ["updated_at", "2020-11-26 07:32:43.399191"], ["id", 1]]
  [1m[36mTRANSACTION (2.1ms)[0m  [1m[35mCOMMIT[0m
  [1m[36mTRANSACTION (0.3ms)[0m  [1m[35mBEGIN[0m
  [1m[36mCharacter Update (0.8ms)[0m  [1m[33mUPDATE "characters" SET "img_url" = $1, "updated_at" = $2 WHERE "characters"."id" = $3[0m  [["img_url", "https://upload.wikimedia.org/wikipedia/en/thumb/c/c6/NeoTheMatrix.jpg/220px-NeoTheMatrix.jpg"], ["updated_at", "2020-11-26 07:32:43.411143"], ["id", 2]]
  [1m[36mTRANSACTION (0.6ms)[0m  [1m[35mCOMMIT[0m
  [1m[36mTRANSACTION (0.3ms)[0m  [1m[35mBEGIN[0m
  [1m[36mCharacter Update (0.7ms)[0m  [1m[33mUPDATE "characters" SET "img_url" = $1, "updated_at" = $2 WHERE "characters"."id" = $3[0m  [["img_url", "https://upload.wikimedia.org/wikipedia/en/thumb/c/c6/NeoTheMatrix.jpg/220px-NeoTheMatrix.jpg"], ["updated_at", "2020-11-26 07:32:43.415584"], ["id", 3]]
  [1m[36mTRANSACTION (0.4ms)[0m  [1m[35mCOMMIT[0m
  [1m[36mTRANSACTION (0.4ms)[0m  [1m[35mBEGIN[0m
  [1m[36mCharacter Update (1.0ms)[0m  [1m[33mUPDATE "characters" SET "img_url" = $1, "updated_at" = $2 WHERE "characters"."id" = $3[0m  [["img_url", "https://upload.wikimedia.org/wikipedia/en/thumb/c/c6/NeoTheMatrix.jpg/220px-NeoTheMatrix.jpg"], ["updated_at", "2020-11-26 07:32:43.418947"], ["id", 4]]
  [1m[36mTRANSACTION (1.7ms)[0m  [1m[35mCOMMIT[0m
  [1m[36mCharacter Load (2.1ms)[0m  [1m[34mSELECT "characters".* FROM "characters" WHERE "characters"."name" = $1 LIMIT $2[0m  [["name", "Agent Smith"], ["LIMIT", 1]]
  [1m[36mCharacter Load (0.9ms)[0m  [1m[34mSELECT "characters".* FROM "characters" /* loading for inspect */ LIMIT $1[0m  [["LIMIT", 11]]
  [1m[36mCharacter Load (0.6ms)[0m  [1m[34mSELECT "characters".* FROM "characters" WHERE "characters"."id" = $1 LIMIT $2[0m  [["id", nil], ["LIMIT", 1]]
  [1m[36mCharacter Load (0.8ms)[0m  [1m[34mSELECT "characters".* FROM "characters" WHERE "characters"."name" = $1 LIMIT $2[0m  [["name", "Agent Smith"], ["LIMIT", 1]]
  [1m[36mCharacter Load (1.3ms)[0m  [1m[34mSELECT "characters".* FROM "characters" WHERE "characters"."id" = $1 LIMIT $2[0m  [["id", nil], ["LIMIT", 1]]
  [1m[36mCharacter Load (1.6ms)[0m  [1m[34mSELECT "characters".* FROM "characters" WHERE "characters"."name" = $1 LIMIT $2[0m  [["name", "Agent Smith"], ["LIMIT", 1]]
  [1m[36mTRANSACTION (0.3ms)[0m  [1m[35mBEGIN[0m
  [1m[36mCharacter Destroy (0.8ms)[0m  [1m[31mDELETE FROM "characters" WHERE "characters"."id" = $1[0m  [["id", 4]]
  [1m[36mTRANSACTION (70.4ms)[0m  [1m[35mCOMMIT[0m
  [1m[36mCharacter Load (1.0ms)[0m  [1m[34mSELECT "characters".* FROM "characters" /* loading for inspect */ LIMIT $1[0m  [["LIMIT", 11]]
  [1m[36mTRANSACTION (0.4ms)[0m  [1m[35mBEGIN[0m
  [1m[36mCharacter Create (1.6ms)[0m  [1m[32mINSERT INTO "characters" ("name", "created_at", "updated_at") VALUES ($1, $2, $3) RETURNING "id"[0m  [["name", "The Oracle"], ["created_at", "2020-11-26 07:37:02.458610"], ["updated_at", "2020-11-26 07:37:02.458610"]]
  [1m[36mTRANSACTION (3.1ms)[0m  [1m[35mCOMMIT[0m
  [1m[36mCharacter Load (1.0ms)[0m  [1m[34mSELECT "characters".* FROM "characters" /* loading for inspect */ LIMIT $1[0m  [["LIMIT", 11]]
  [1m[35m (1.8ms)[0m  [1m[35mCREATE DATABASE "matrix_api_development" ENCODING = 'unicode'[0m
  ↳ config/boot.rb:4:in `load'
  [1m[35m (0.8ms)[0m  [1m[35mCREATE DATABASE "matrix_api_test" ENCODING = 'unicode'[0m
  ↳ config/boot.rb:4:in `load'
  [1m[35m (0.9ms)[0m  [1m[34mSELECT pg_try_advisory_lock(7139173390688850840)[0m
  ↳ config/boot.rb:4:in `load'
  [1m[35m (2.6ms)[0m  [1m[34mSELECT "schema_migrations"."version" FROM "schema_migrations" ORDER BY "schema_migrations"."version" ASC[0m
  ↳ config/boot.rb:4:in `load'
  [1m[36mActiveRecord::InternalMetadata Load (0.8ms)[0m  [1m[34mSELECT "ar_internal_metadata".* FROM "ar_internal_metadata" WHERE "ar_internal_metadata"."key" = $1 LIMIT $2[0m  [["key", "environment"], ["LIMIT", 1]]
  ↳ config/boot.rb:4:in `load'
  [1m[35m (0.5ms)[0m  [1m[34mSELECT pg_advisory_unlock(7139173390688850840)[0m
  ↳ config/boot.rb:4:in `load'
  [1m[35m (1.3ms)[0m  [1m[34mSELECT "schema_migrations"."version" FROM "schema_migrations" ORDER BY "schema_migrations"."version" ASC[0m
  ↳ config/boot.rb:4:in `load'
  [1m[35m (1.2ms)[0m  [1m[34mSELECT "schema_migrations"."version" FROM "schema_migrations" ORDER BY "schema_migrations"."version" ASC[0m
  ↳ config/boot.rb:4:in `load'
  [1m[35m (0.5ms)[0m  [1m[34mSELECT pg_try_advisory_lock(7139173390688850840)[0m
  ↳ config/boot.rb:4:in `load'
  [1m[35m (2.0ms)[0m  [1m[34mSELECT "schema_migrations"."version" FROM "schema_migrations" ORDER BY "schema_migrations"."version" ASC[0m
  ↳ config/boot.rb:4:in `load'
Migrating to CreateVehicle (20201126074612)
  [1m[36mTRANSACTION (0.3ms)[0m  [1m[35mBEGIN[0m
  ↳ config/boot.rb:4:in `load'
  [1m[35m (25.5ms)[0m  [1m[35mCREATE TABLE "vehicles" ("id" bigserial primary key, "name" character varying, "style" character varying, "created_at" timestamp(6) NOT NULL, "updated_at" timestamp(6) NOT NULL)[0m
  ↳ config/boot.rb:4:in `load'
  [1m[36mActiveRecord::SchemaMigration Create (0.8ms)[0m  [1m[32mINSERT INTO "schema_migrations" ("version") VALUES ($1) RETURNING "version"[0m  [["version", "20201126074612"]]
  ↳ config/boot.rb:4:in `load'
  [1m[36mTRANSACTION (0.7ms)[0m  [1m[35mCOMMIT[0m
  ↳ config/boot.rb:4:in `load'
  [1m[36mActiveRecord::InternalMetadata Load (2.9ms)[0m  [1m[34mSELECT "ar_internal_metadata".* FROM "ar_internal_metadata" WHERE "ar_internal_metadata"."key" = $1 LIMIT $2[0m  [["key", "environment"], ["LIMIT", 1]]
  ↳ config/boot.rb:4:in `load'
  [1m[35m (0.6ms)[0m  [1m[34mSELECT pg_advisory_unlock(7139173390688850840)[0m
  ↳ config/boot.rb:4:in `load'
  [1m[35m (1.3ms)[0m  [1m[34mSELECT "schema_migrations"."version" FROM "schema_migrations" ORDER BY "schema_migrations"."version" ASC[0m
  ↳ config/boot.rb:4:in `load'
  [1m[35m (2.6ms)[0m  [1m[34mSELECT "schema_migrations"."version" FROM "schema_migrations" ORDER BY "schema_migrations"."version" ASC[0m
  ↳ config/boot.rb:4:in `load'
  [1m[36mTRANSACTION (0.4ms)[0m  [1m[35mBEGIN[0m
  ↳ config/boot.rb:4:in `load'
  [1m[36mCharacter Create (2.0ms)[0m  [1m[32mINSERT INTO "characters" ("name", "description", "created_at", "updated_at") VALUES ($1, $2, $3, $4) RETURNING "id"[0m  [["name", "Neo"], ["description", "leader"], ["created_at", "2020-11-26 07:48:52.596381"], ["updated_at", "2020-11-26 07:48:52.596381"]]
  ↳ config/boot.rb:4:in `load'
  [1m[36mTRANSACTION (2.8ms)[0m  [1m[35mCOMMIT[0m
  ↳ config/boot.rb:4:in `load'
  [1m[36mTRANSACTION (0.3ms)[0m  [1m[35mBEGIN[0m
  ↳ config/boot.rb:4:in `load'
  [1m[36mCharacter Create (0.6ms)[0m  [1m[32mINSERT INTO "characters" ("name", "description", "created_at", "updated_at") VALUES ($1, $2, $3, $4) RETURNING "id"[0m  [["name", "Trinity"], ["description", "co-lead of team"], ["created_at", "2020-11-26 07:48:52.606227"], ["updated_at", "2020-11-26 07:48:52.606227"]]
  ↳ config/boot.rb:4:in `load'
  [1m[36mTRANSACTION (0.7ms)[0m  [1m[35mCOMMIT[0m
  ↳ config/boot.rb:4:in `load'
  [1m[36mTRANSACTION (0.3ms)[0m  [1m[35mBEGIN[0m
  ↳ config/boot.rb:4:in `load'
  [1m[36mCharacter Create (0.6ms)[0m  [1m[32mINSERT INTO "characters" ("name", "description", "created_at", "updated_at") VALUES ($1, $2, $3, $4) RETURNING "id"[0m  [["name", "Morpheus"], ["description", "mentor"], ["created_at", "2020-11-26 07:48:52.611201"], ["updated_at", "2020-11-26 07:48:52.611201"]]
  ↳ config/boot.rb:4:in `load'
  [1m[36mTRANSACTION (0.7ms)[0m  [1m[35mCOMMIT[0m
  ↳ config/boot.rb:4:in `load'
  [1m[36mTRANSACTION (0.3ms)[0m  [1m[35mBEGIN[0m
  ↳ config/boot.rb:4:in `load'
  [1m[36mCharacter Create (0.6ms)[0m  [1m[32mINSERT INTO "characters" ("name", "description", "created_at", "updated_at") VALUES ($1, $2, $3, $4) RETURNING "id"[0m  [["name", "Agent Smith"], ["description", "bad guy"], ["created_at", "2020-11-26 07:48:52.616074"], ["updated_at", "2020-11-26 07:48:52.616074"]]
  ↳ config/boot.rb:4:in `load'
  [1m[36mTRANSACTION (0.7ms)[0m  [1m[35mCOMMIT[0m
  ↳ config/boot.rb:4:in `load'
  [1m[36mTRANSACTION (0.4ms)[0m  [1m[35mBEGIN[0m
  ↳ config/boot.rb:4:in `load'
  [1m[36mVehicle Create (2.8ms)[0m  [1m[32mINSERT INTO "vehicles" ("name", "style", "created_at", "updated_at") VALUES ($1, $2, $3, $4) RETURNING "id"[0m  [["name", "Spaceship"], ["style", "silver sleek"], ["created_at", "2020-11-26 07:48:52.632280"], ["updated_at", "2020-11-26 07:48:52.632280"]]
  ↳ config/boot.rb:4:in `load'
  [1m[36mTRANSACTION (0.6ms)[0m  [1m[35mCOMMIT[0m
  ↳ config/boot.rb:4:in `load'
  [1m[36mTRANSACTION (0.3ms)[0m  [1m[35mBEGIN[0m
  ↳ config/boot.rb:4:in `load'
  [1m[36mVehicle Create (1.3ms)[0m  [1m[32mINSERT INTO "vehicles" ("name", "style", "created_at", "updated_at") VALUES ($1, $2, $3, $4) RETURNING "id"[0m  [["name", "Nebuchadnezzar"], ["style", "old rusty junk"], ["created_at", "2020-11-26 07:48:52.639667"], ["updated_at", "2020-11-26 07:48:52.639667"]]
  ↳ config/boot.rb:4:in `load'
  [1m[36mTRANSACTION (1.3ms)[0m  [1m[35mCOMMIT[0m
  ↳ config/boot.rb:4:in `load'
  [1m[36mVehicle Load (0.7ms)[0m  [1m[34mSELECT "vehicles".* FROM "vehicles" /* loading for inspect */ LIMIT $1[0m  [["LIMIT", 11]]
  [1m[35m (0.5ms)[0m  [1m[34mSELECT pg_try_advisory_lock(7139173390688850840)[0m
  ↳ config/boot.rb:4:in `load'
  [1m[35m (1.3ms)[0m  [1m[34mSELECT "schema_migrations"."version" FROM "schema_migrations" ORDER BY "schema_migrations"."version" ASC[0m
  ↳ config/boot.rb:4:in `load'
  [1m[36mActiveRecord::InternalMetadata Load (0.8ms)[0m  [1m[34mSELECT "ar_internal_metadata".* FROM "ar_internal_metadata" WHERE "ar_internal_metadata"."key" = $1 LIMIT $2[0m  [["key", "environment"], ["LIMIT", 1]]
  ↳ config/boot.rb:4:in `load'
  [1m[35m (0.6ms)[0m  [1m[34mSELECT pg_advisory_unlock(7139173390688850840)[0m
  ↳ config/boot.rb:4:in `load'
  [1m[35m (1.3ms)[0m  [1m[34mSELECT "schema_migrations"."version" FROM "schema_migrations" ORDER BY "schema_migrations"."version" ASC[0m
  ↳ config/boot.rb:4:in `load'
  [1m[35m (2.1ms)[0m  [1m[34mSELECT "schema_migrations"."version" FROM "schema_migrations" ORDER BY "schema_migrations"."version" ASC[0m
  ↳ config/boot.rb:4:in `load'
  [1m[35m (0.8ms)[0m  [1m[34mSELECT "schema_migrations"."version" FROM "schema_migrations" ORDER BY "schema_migrations"."version" ASC[0m
  ↳ config/boot.rb:4:in `load'
  [1m[35m (0.5ms)[0m  [1m[34mSELECT "schema_migrations"."version" FROM "schema_migrations" ORDER BY "schema_migrations"."version" ASC[0m
  ↳ config/boot.rb:4:in `load'
  [1m[35m (0.6ms)[0m  [1m[34mSELECT pg_try_advisory_lock(7139173390688850840)[0m
  ↳ config/boot.rb:4:in `load'
  [1m[35m (0.6ms)[0m  [1m[34mSELECT "schema_migrations"."version" FROM "schema_migrations" ORDER BY "schema_migrations"."version" ASC[0m
  ↳ config/boot.rb:4:in `load'
Migrating to CreateVehicle (20201126074612)
  [1m[36mTRANSACTION (0.3ms)[0m  [1m[35mBEGIN[0m
  ↳ config/boot.rb:4:in `load'
  [1m[35m (8.6ms)[0m  [1m[35mDROP TABLE "vehicles"[0m
  ↳ config/boot.rb:4:in `load'
  [1m[36mActiveRecord::SchemaMigration Destroy (2.3ms)[0m  [1m[31mDELETE FROM "schema_migrations" WHERE "schema_migrations"."version" = $1[0m  [["version", "20201126074612"]]
  ↳ config/boot.rb:4:in `load'
  [1m[36mTRANSACTION (8.9ms)[0m  [1m[35mCOMMIT[0m
  ↳ config/boot.rb:4:in `load'
  [1m[35m (0.5ms)[0m  [1m[34mSELECT pg_advisory_unlock(7139173390688850840)[0m
  ↳ config/boot.rb:4:in `load'
  [1m[35m (1.5ms)[0m  [1m[34mSELECT "schema_migrations"."version" FROM "schema_migrations" ORDER BY "schema_migrations"."version" ASC[0m
  ↳ config/boot.rb:4:in `load'
  [1m[35m (1.2ms)[0m  [1m[34mSELECT "schema_migrations"."version" FROM "schema_migrations" ORDER BY "schema_migrations"."version" ASC[0m
  ↳ config/boot.rb:4:in `load'
  [1m[35m (0.6ms)[0m  [1m[34mSELECT "schema_migrations"."version" FROM "schema_migrations" ORDER BY "schema_migrations"."version" ASC[0m
  ↳ config/boot.rb:4:in `load'
  [1m[35m (0.8ms)[0m  [1m[34mSELECT "schema_migrations"."version" FROM "schema_migrations" ORDER BY "schema_migrations"."version" ASC[0m
  ↳ config/boot.rb:4:in `load'
  [1m[35m (0.5ms)[0m  [1m[34mSELECT pg_try_advisory_lock(7139173390688850840)[0m
  ↳ config/boot.rb:4:in `load'
  [1m[35m (0.5ms)[0m  [1m[34mSELECT "schema_migrations"."version" FROM "schema_migrations" ORDER BY "schema_migrations"."version" ASC[0m
  ↳ config/boot.rb:4:in `load'
Migrating to FixDescriptionColumnTypo (20201126071656)
  [1m[36mTRANSACTION (0.4ms)[0m  [1m[35mBEGIN[0m
  ↳ config/boot.rb:4:in `load'
  [1m[35m (1.1ms)[0m  [1m[35mALTER TABLE "characters" RENAME COLUMN "description" TO "desciption"[0m
  ↳ config/boot.rb:4:in `load'
  [1m[36mActiveRecord::SchemaMigration Destroy (2.1ms)[0m  [1m[31mDELETE FROM "schema_migrations" WHERE "schema_migrations"."version" = $1[0m  [["version", "20201126071656"]]
  ↳ config/boot.rb:4:in `load'
  [1m[36mTRANSACTION (0.9ms)[0m  [1m[35mCOMMIT[0m
  ↳ config/boot.rb:4:in `load'
  [1m[35m (0.5ms)[0m  [1m[34mSELECT pg_advisory_unlock(7139173390688850840)[0m
  ↳ config/boot.rb:4:in `load'
  [1m[35m (1.5ms)[0m  [1m[34mSELECT "schema_migrations"."version" FROM "schema_migrations" ORDER BY "schema_migrations"."version" ASC[0m
  ↳ config/boot.rb:4:in `load'
  [1m[35m (0.5ms)[0m  [1m[34mSELECT pg_try_advisory_lock(7139173390688850840)[0m
  ↳ config/boot.rb:4:in `load'
  [1m[35m (1.3ms)[0m  [1m[34mSELECT "schema_migrations"."version" FROM "schema_migrations" ORDER BY "schema_migrations"."version" ASC[0m
  ↳ config/boot.rb:4:in `load'
Migrating to FixDescriptionColumnTypo (20201126071656)
  [1m[36mTRANSACTION (0.5ms)[0m  [1m[35mBEGIN[0m
  ↳ config/boot.rb:4:in `load'
  [1m[35m (2.2ms)[0m  [1m[35mALTER TABLE "characters" RENAME COLUMN "desciption" TO "description"[0m
  ↳ config/boot.rb:4:in `load'
  [1m[36mActiveRecord::SchemaMigration Create (0.7ms)[0m  [1m[32mINSERT INTO "schema_migrations" ("version") VALUES ($1) RETURNING "version"[0m  [["version", "20201126071656"]]
  ↳ config/boot.rb:4:in `load'
  [1m[36mTRANSACTION (0.7ms)[0m  [1m[35mCOMMIT[0m
  ↳ config/boot.rb:4:in `load'
Migrating to CreateVehicle (20201126074612)
  [1m[36mTRANSACTION (0.3ms)[0m  [1m[35mBEGIN[0m
  ↳ config/boot.rb:4:in `load'
  [1m[35m (20.3ms)[0m  [1m[35mCREATE TABLE "vehicles" ("id" bigserial primary key, "name" character varying, "style" character varying, "created_at" timestamp(6) NOT NULL, "updated_at" timestamp(6) NOT NULL)[0m
  ↳ config/boot.rb:4:in `load'
  [1m[36mActiveRecord::SchemaMigration Create (0.9ms)[0m  [1m[32mINSERT INTO "schema_migrations" ("version") VALUES ($1) RETURNING "version"[0m  [["version", "20201126074612"]]
  ↳ config/boot.rb:4:in `load'
  [1m[36mTRANSACTION (1.1ms)[0m  [1m[35mCOMMIT[0m
  ↳ config/boot.rb:4:in `load'
  [1m[36mActiveRecord::InternalMetadata Load (0.6ms)[0m  [1m[34mSELECT "ar_internal_metadata".* FROM "ar_internal_metadata" WHERE "ar_internal_metadata"."key" = $1 LIMIT $2[0m  [["key", "environment"], ["LIMIT", 1]]
  ↳ config/boot.rb:4:in `load'
  [1m[35m (2.8ms)[0m  [1m[34mSELECT pg_advisory_unlock(7139173390688850840)[0m
  ↳ config/boot.rb:4:in `load'
  [1m[35m (1.3ms)[0m  [1m[34mSELECT "schema_migrations"."version" FROM "schema_migrations" ORDER BY "schema_migrations"."version" ASC[0m
  ↳ config/boot.rb:4:in `load'
  [1m[35m (0.5ms)[0m  [1m[34mSELECT pg_try_advisory_lock(7139173390688850840)[0m
  ↳ config/boot.rb:4:in `load'
  [1m[35m (2.8ms)[0m  [1m[34mSELECT "schema_migrations"."version" FROM "schema_migrations" ORDER BY "schema_migrations"."version" ASC[0m
  ↳ config/boot.rb:4:in `load'
Migrating to AddFieldnameToCharacter (20201126080129)
  [1m[36mTRANSACTION (0.3ms)[0m  [1m[35mBEGIN[0m
  ↳ config/boot.rb:4:in `load'
  [1m[35m (3.7ms)[0m  [1m[35mALTER TABLE "characters" ADD "fieldname" character varying[0m
  ↳ config/boot.rb:4:in `load'
  [1m[35m (0.6ms)[0m  [1m[35mALTER TABLE "characters" ADD "vehicle_id" character varying[0m
  ↳ config/boot.rb:4:in `load'
  [1m[36mActiveRecord::SchemaMigration Create (1.1ms)[0m  [1m[32mINSERT INTO "schema_migrations" ("version") VALUES ($1) RETURNING "version"[0m  [["version", "20201126080129"]]
  ↳ config/boot.rb:4:in `load'
  [1m[36mTRANSACTION (2.5ms)[0m  [1m[35mCOMMIT[0m
  ↳ config/boot.rb:4:in `load'
  [1m[36mActiveRecord::InternalMetadata Load (0.7ms)[0m  [1m[34mSELECT "ar_internal_metadata".* FROM "ar_internal_metadata" WHERE "ar_internal_metadata"."key" = $1 LIMIT $2[0m  [["key", "environment"], ["LIMIT", 1]]
  ↳ config/boot.rb:4:in `load'
  [1m[35m (0.8ms)[0m  [1m[34mSELECT pg_advisory_unlock(7139173390688850840)[0m
  ↳ config/boot.rb:4:in `load'
  [1m[35m (1.3ms)[0m  [1m[34mSELECT "schema_migrations"."version" FROM "schema_migrations" ORDER BY "schema_migrations"."version" ASC[0m
  ↳ config/boot.rb:4:in `load'
  [1m[36mCharacter Load (0.8ms)[0m  [1m[34mSELECT "characters".* FROM "characters" WHERE "characters"."id" = $1 LIMIT $2[0m  [["id", nil], ["LIMIT", 1]]
  [1m[36mCharacter Load (1.7ms)[0m  [1m[34mSELECT "characters".* FROM "characters" WHERE "characters"."id" = $1 LIMIT $2[0m  [["id", nil], ["LIMIT", 1]]
  [1m[36mCharacter Load (1.1ms)[0m  [1m[34mSELECT "characters".* FROM "characters" /* loading for inspect */ LIMIT $1[0m  [["LIMIT", 11]]
  [1m[36mCharacter Load (1.4ms)[0m  [1m[34mSELECT "characters".* FROM "characters" WHERE "characters"."id" = $1 LIMIT $2[0m  [["id", 7], ["LIMIT", 1]]
  [1m[36mTRANSACTION (0.4ms)[0m  [1m[35mBEGIN[0m
  [1m[36mCharacter Destroy (0.7ms)[0m  [1m[31mDELETE FROM "characters" WHERE "characters"."id" = $1[0m  [["id", 7]]
  [1m[36mTRANSACTION (1.6ms)[0m  [1m[35mCOMMIT[0m
  [1m[36mCharacter Load (0.6ms)[0m  [1m[34mSELECT "characters".* FROM "characters" WHERE "characters"."id" = $1 LIMIT $2[0m  [["id", nil], ["LIMIT", 1]]
  [1m[36mCharacter Load (2.6ms)[0m  [1m[34mSELECT "characters".* FROM "characters" WHERE "characters"."id" = $1 LIMIT $2[0m  [["id", 1], ["LIMIT", 1]]
  [1m[35m (0.5ms)[0m  [1m[34mSELECT pg_try_advisory_lock(7139173390688850840)[0m
  ↳ config/boot.rb:4:in `load'
  [1m[35m (2.9ms)[0m  [1m[34mSELECT "schema_migrations"."version" FROM "schema_migrations" ORDER BY "schema_migrations"."version" ASC[0m
  ↳ config/boot.rb:4:in `load'
Migrating to AddForeignKeyToCharacters (20201126081539)
  [1m[35m (1.3ms)[0m  [1m[34mSELECT pg_advisory_unlock(7139173390688850840)[0m
  ↳ config/boot.rb:4:in `load'
  [1m[35m (2.9ms)[0m  [1m[34mSELECT "schema_migrations"."version" FROM "schema_migrations" ORDER BY "schema_migrations"."version" ASC[0m
  ↳ config/boot.rb:4:in `load'
  [1m[36mVehicle Load (33.7ms)[0m  [1m[34mSELECT "vehicles".* FROM "vehicles" WHERE "vehicles"."id" = $1 LIMIT $2[0m  [["id", 1], ["LIMIT", 1]]
  [1m[36mVehicle Load (0.9ms)[0m  [1m[34mSELECT "vehicles".* FROM "vehicles" /* loading for inspect */ LIMIT $1[0m  [["LIMIT", 11]]
